<?xml version="1.0" encoding="UTF-8"?>
<testng-results skipped="0" failed="1" total="1" passed="0">
  <reporter-output>
  </reporter-output>
  <suite name="Default suite" duration-ms="19618" started-at="2016-04-30T06:01:59Z" finished-at="2016-04-30T06:02:18Z">
    <groups>
    </groups>
    <test name="Default test" duration-ms="19618" started-at="2016-04-30T06:01:59Z" finished-at="2016-04-30T06:02:18Z">
      <class name="testcases.Testcase_ChangePassword">
        <test-method status="PASS" signature="beforeSuite()[pri:0, instance:testcases.Testcase_ChangePassword@4909b8da]" name="beforeSuite" is-config="true" duration-ms="427" started-at="2016-04-30T11:31:58Z" finished-at="2016-04-30T11:31:59Z">
          <reporter-output>
          </reporter-output>
        </test-method> <!-- beforeSuite -->
        <test-method status="PASS" signature="beforeTest()[pri:0, instance:testcases.Testcase_ChangePassword@4909b8da]" name="beforeTest" is-config="true" duration-ms="0" started-at="2016-04-30T11:31:59Z" finished-at="2016-04-30T11:31:59Z">
          <reporter-output>
          </reporter-output>
        </test-method> <!-- beforeTest -->
        <test-method status="PASS" signature="setValues()[pri:0, instance:testcases.Testcase_ChangePassword@4909b8da]" name="setValues" is-config="true" duration-ms="0" started-at="2016-04-30T11:31:59Z" finished-at="2016-04-30T11:31:59Z">
          <reporter-output>
          </reporter-output>
        </test-method> <!-- setValues -->
        <test-method status="PASS" signature="beforeMethod()[pri:0, instance:testcases.Testcase_ChangePassword@4909b8da]" name="beforeMethod" is-config="true" duration-ms="0" started-at="2016-04-30T11:31:59Z" finished-at="2016-04-30T11:31:59Z">
          <reporter-output>
          </reporter-output>
        </test-method> <!-- beforeMethod -->
        <test-method status="FAIL" signature="Alpha_changePwd(java.lang.String)[pri:0, instance:testcases.Testcase_ChangePassword@4909b8da]" name="Alpha_changePwd" duration-ms="19186" started-at="2016-04-30T11:31:59Z" data-provider="fetchData" finished-at="2016-04-30T11:32:18Z">
          <params>
            <param index="0">
              <value>
                <![CDATA[ZY222XTHG7]]>
              </value>
            </param>
          </params>
          <exception class="io.appium.java_client.NoSuchContextException">
            <message>
              <![CDATA[No such context found. (WARNING: The server did not provide any stacktrace information)
Command duration or timeout: 168 milliseconds
Build info: version: '2.53.0', revision: '35ae25b1534ae328c771e0856c93e187490ca824', time: '2016-03-15 10:43:46'
System info: host: 'MADHAN', ip: '192.168.56.1', os.name: 'Windows 8.1', os.arch: 'amd64', os.version: '6.3', java.version: '1.8.0_60'
Driver info: io.appium.java_client.android.AndroidDriver
Capabilities [{appPackage=com.ionicframework.alpha823162, networkConnectionEnabled=true, warnings={}, databaseEnabled=false, deviceName=ZY222XTHG7, platform=LINUX, appActivity=com.ionicframework.alpha823162.MainActivity, desired={appPackage=com.ionicframework.alpha823162, appActivity=com.ionicframework.alpha823162.MainActivity, platformName=Android, deviceName=ZY222XTHG7}, platformVersion=6.0.1, webStorageEnabled=false, locationContextEnabled=false, browserName=Android, takesScreenshot=true, javascriptEnabled=true, platformName=Android}]
Session ID: 997093aa-7697-4faf-bd85-3e8d52d0c2da]]>
            </message>
            <full-stacktrace>
              <![CDATA[io.appium.java_client.NoSuchContextException: No such context found. (WARNING: The server did not provide any stacktrace information)
Command duration or timeout: 168 milliseconds
Build info: version: '2.53.0', revision: '35ae25b1534ae328c771e0856c93e187490ca824', time: '2016-03-15 10:43:46'
System info: host: 'MADHAN', ip: '192.168.56.1', os.name: 'Windows 8.1', os.arch: 'amd64', os.version: '6.3', java.version: '1.8.0_60'
Driver info: io.appium.java_client.android.AndroidDriver
Capabilities [{appPackage=com.ionicframework.alpha823162, networkConnectionEnabled=true, warnings={}, databaseEnabled=false, deviceName=ZY222XTHG7, platform=LINUX, appActivity=com.ionicframework.alpha823162.MainActivity, desired={appPackage=com.ionicframework.alpha823162, appActivity=com.ionicframework.alpha823162.MainActivity, platformName=Android, deviceName=ZY222XTHG7}, platformVersion=6.0.1, webStorageEnabled=false, locationContextEnabled=false, browserName=Android, takesScreenshot=true, javascriptEnabled=true, platformName=Android}]
Session ID: 997093aa-7697-4faf-bd85-3e8d52d0c2da
	at sun.reflect.NativeConstructorAccessorImpl.newInstance0(Native Method)
	at sun.reflect.NativeConstructorAccessorImpl.newInstance(NativeConstructorAccessorImpl.java:62)
	at sun.reflect.DelegatingConstructorAccessorImpl.newInstance(DelegatingConstructorAccessorImpl.java:45)
	at java.lang.reflect.Constructor.newInstance(Constructor.java:422)
	at org.openqa.selenium.remote.ErrorHandler.createThrowable(ErrorHandler.java:206)
	at org.openqa.selenium.remote.ErrorHandler.throwIfResponseFailed(ErrorHandler.java:158)
	at org.openqa.selenium.remote.RemoteWebDriver.execute(RemoteWebDriver.java:678)
	at io.appium.java_client.DefaultGenericMobileDriver.execute(DefaultGenericMobileDriver.java:42)
	at io.appium.java_client.AppiumDriver.execute(AppiumDriver.java:1)
	at io.appium.java_client.android.AndroidDriver.execute(AndroidDriver.java:1)
	at io.appium.java_client.AppiumDriver.context(AppiumDriver.java:546)
	at alphapages.Alpha_ChangePwdPage.switchPage(Alpha_ChangePwdPage.java:22)
	at testcases.Testcase_ChangePassword.Alpha_changePwd(Testcase_ChangePassword.java:26)
	at sun.reflect.NativeMethodAccessorImpl.invoke0(Native Method)
	at sun.reflect.NativeMethodAccessorImpl.invoke(NativeMethodAccessorImpl.java:62)
	at sun.reflect.DelegatingMethodAccessorImpl.invoke(DelegatingMethodAccessorImpl.java:43)
	at java.lang.reflect.Method.invoke(Method.java:497)
	at org.testng.internal.MethodInvocationHelper.invokeMethod(MethodInvocationHelper.java:85)
	at org.testng.internal.Invoker.invokeMethod(Invoker.java:639)
	at org.testng.internal.Invoker.invokeTestMethod(Invoker.java:816)
	at org.testng.internal.Invoker.invokeTestMethods(Invoker.java:1124)
	at org.testng.internal.TestMethodWorker.invokeTestMethods(TestMethodWorker.java:124)
	at org.testng.internal.TestMethodWorker.run(TestMethodWorker.java:108)
	at org.testng.TestRunner.privateRun(TestRunner.java:773)
	at org.testng.TestRunner.run(TestRunner.java:623)
	at org.testng.SuiteRunner.runTest(SuiteRunner.java:359)
	at org.testng.SuiteRunner.runSequentially(SuiteRunner.java:354)
	at org.testng.SuiteRunner.privateRun(SuiteRunner.java:312)
	at org.testng.SuiteRunner.run(SuiteRunner.java:261)
	at org.testng.SuiteRunnerWorker.runSuite(SuiteRunnerWorker.java:52)
	at org.testng.SuiteRunnerWorker.run(SuiteRunnerWorker.java:86)
	at org.testng.TestNG.runSuitesSequentially(TestNG.java:1185)
	at org.testng.TestNG.runSuitesLocally(TestNG.java:1110)
	at org.testng.TestNG.run(TestNG.java:1018)
	at org.testng.remote.RemoteTestNG.run(RemoteTestNG.java:112)
	at org.testng.remote.RemoteTestNG.initAndRun(RemoteTestNG.java:205)
	at org.testng.remote.RemoteTestNG.main(RemoteTestNG.java:176)
]]>
            </full-stacktrace>
          </exception> <!-- io.appium.java_client.NoSuchContextException -->
          <reporter-output>
          </reporter-output>
        </test-method> <!-- Alpha_changePwd -->
        <test-method status="PASS" signature="afterMethod()[pri:0, instance:testcases.Testcase_ChangePassword@4909b8da]" name="afterMethod" is-config="true" duration-ms="0" started-at="2016-04-30T11:32:18Z" finished-at="2016-04-30T11:32:18Z">
          <reporter-output>
          </reporter-output>
        </test-method> <!-- afterMethod -->
        <test-method status="PASS" signature="afterTest()[pri:0, instance:testcases.Testcase_ChangePassword@4909b8da]" name="afterTest" is-config="true" duration-ms="0" started-at="2016-04-30T11:32:18Z" finished-at="2016-04-30T11:32:18Z">
          <reporter-output>
          </reporter-output>
        </test-method> <!-- afterTest -->
        <test-method status="PASS" signature="afterSuite()[pri:0, instance:testcases.Testcase_ChangePassword@4909b8da]" name="afterSuite" is-config="true" duration-ms="331" started-at="2016-04-30T11:32:18Z" finished-at="2016-04-30T11:32:19Z">
          <reporter-output>
          </reporter-output>
        </test-method> <!-- afterSuite -->
      </class> <!-- testcases.Testcase_ChangePassword -->
    </test> <!-- Default test -->
  </suite> <!-- Default suite -->
</testng-results>
